2021-02-28 20:21:44,527 INFO o.a.j.u.JMeterUtils: Setting Locale to en_GB
2021-02-28 20:21:44,578 INFO o.a.j.JMeter: Loading system properties from: system.properties
2021-02-28 20:21:44,578 INFO o.a.j.JMeter: Setting System property: sun.net.http.allowRestrictedHeaders=true
2021-02-28 20:21:44,592 INFO o.a.j.JMeter: Copyright (c) 1998-2021 The Apache Software Foundation
2021-02-28 20:21:44,592 INFO o.a.j.JMeter: Version 5.4.1
2021-02-28 20:21:44,593 INFO o.a.j.JMeter: java.version=14.0.1
2021-02-28 20:21:44,593 INFO o.a.j.JMeter: java.vm.name=OpenJDK 64-Bit Server VM
2021-02-28 20:21:44,593 INFO o.a.j.JMeter: os.name=Mac OS X
2021-02-28 20:21:44,593 INFO o.a.j.JMeter: os.arch=x86_64
2021-02-28 20:21:44,593 INFO o.a.j.JMeter: os.version=10.15.5
2021-02-28 20:21:44,593 INFO o.a.j.JMeter: file.encoding=UTF-8
2021-02-28 20:21:44,594 INFO o.a.j.JMeter: java.awt.headless=true
2021-02-28 20:21:44,594 INFO o.a.j.JMeter: Max memory     =536870912
2021-02-28 20:21:44,594 INFO o.a.j.JMeter: Available Processors =4
2021-02-28 20:21:44,607 INFO o.a.j.JMeter: Default Locale=English (United Kingdom)
2021-02-28 20:21:44,607 INFO o.a.j.JMeter: JMeter  Locale=English (United Kingdom)
2021-02-28 20:21:44,607 INFO o.a.j.JMeter: JMeterHome=/Users/venkatakoripalli/Documents/git/non-functional/jmeter/jmeter-tests/target/aedb7fac-3d0d-4992-88e7-b3be1136b4a9/jmeter
2021-02-28 20:21:44,607 INFO o.a.j.JMeter: user.dir  =/Users/venkatakoripalli/Documents/git/non-functional/jmeter/jmeter-tests/target/aedb7fac-3d0d-4992-88e7-b3be1136b4a9/jmeter/bin
2021-02-28 20:21:44,608 INFO o.a.j.JMeter: PWD       =/Users/venkatakoripalli/Documents/git/non-functional/jmeter/jmeter-tests/target/aedb7fac-3d0d-4992-88e7-b3be1136b4a9/jmeter/bin
2021-02-28 20:21:44,612 INFO o.a.j.JMeter: IP: 127.0.0.1 Name: Venkatas-MacBook-Pro-2.local FullName: localhost
2021-02-28 20:21:44,621 ERROR o.a.j.JMeter: An error occurred: 
java.lang.IllegalArgumentException: Cannot write to '/Users/venkatakoripalli/Documents/git/non-functional/jmeter/jmeter-tests/target/jmeter/reports/bing' as folder is not empty
	at org.apache.jorphan.util.JOrphanUtils.canSafelyWriteToFolder(JOrphanUtils.java:663) ~[jorphan-5.4.1.jar:5.4.1]
	at org.apache.jorphan.util.JOrphanUtils.canSafelyWriteToFolder(JOrphanUtils.java:619) ~[jorphan-5.4.1.jar:5.4.1]
	at org.apache.jmeter.JMeter.extractAndSetReportOutputFolder(JMeter.java:609) ~[ApacheJMeter_core-5.4.1.jar:5.4.1]
	at org.apache.jmeter.JMeter.start(JMeter.java:563) [ApacheJMeter_core-5.4.1.jar:5.4.1]
	at jdk.internal.reflect.NativeMethodAccessorImpl.invoke0(Native Method) ~[?:?]
	at jdk.internal.reflect.NativeMethodAccessorImpl.invoke(NativeMethodAccessorImpl.java:62) ~[?:?]
	at jdk.internal.reflect.DelegatingMethodAccessorImpl.invoke(DelegatingMethodAccessorImpl.java:43) ~[?:?]
	at java.lang.reflect.Method.invoke(Method.java:564) ~[?:?]
	at org.apache.jmeter.NewDriver.main(NewDriver.java:254) [ApacheJMeter-5.4.1.jar:5.4.1]
